[debug] [2021-01-29T14:14:24.803Z] ----------------------------------------------------------------------
[debug] [2021-01-29T14:14:24.805Z] Command:       C:\Program Files\nodejs\node.exe C:\Users\Mahmut Aslan\AppData\Roaming\npm\node_modules\firebase-tools\lib\bin\firebase.js init
[debug] [2021-01-29T14:14:24.806Z] CLI Version:   9.2.2
[debug] [2021-01-29T14:14:24.806Z] Platform:      win32
[debug] [2021-01-29T14:14:24.806Z] Node Version:  v14.15.0
[debug] [2021-01-29T14:14:24.808Z] Time:          Fri Jan 29 2021 17:14:24 GMT+0300 (GMT+03:00)
[debug] [2021-01-29T14:14:24.808Z] ----------------------------------------------------------------------
[debug] [2021-01-29T14:14:24.808Z] 
[debug] [2021-01-29T14:14:24.816Z] > command requires scopes: ["email","openid","https://www.googleapis.com/auth/cloudplatformprojects.readonly","https://www.googleapis.com/auth/firebase","https://www.googleapis.com/auth/cloud-platform"]
[debug] [2021-01-29T14:14:24.817Z] > authorizing via signed-in user
[info] 
     ######## #### ########  ######## ########     ###     ######  ########
     ##        ##  ##     ## ##       ##     ##  ##   ##  ##       ##
     ######    ##  ########  ######   ########  #########  ######  ######
     ##        ##  ##    ##  ##       ##     ## ##     ##       ## ##
     ##       #### ##     ## ######## ########  ##     ##  ######  ########

You're about to initialize a Firebase project in this directory:

  C:\Users\Mahmut Aslan\Desktop\calculator

[info] 
=== Project Setup
[info] 
[info] First, let's associate this project directory with a Firebase project.
[info] You can create multiple project aliases by running firebase use --add, 
[info] but for now we'll just set up a default project.
[info] 
[debug] [2021-01-29T14:15:18.159Z] >>> [apiv2][query] GET https://firebase.googleapis.com/v1beta1/projects pageSize=100
[debug] [2021-01-29T14:15:18.748Z] <<< [apiv2][status] GET https://firebase.googleapis.com/v1beta1/projects 200
[debug] [2021-01-29T14:15:18.748Z] <<< [apiv2][body] GET https://firebase.googleapis.com/v1beta1/projects [omitted]
[info] i  Using project calculator-a392b (calculator) 
[info] 
=== Hosting Setup
[info] 
[info] Your public directory is the folder (relative to your project directory) that
[info] will contain Hosting assets to be uploaded with firebase deploy. If you
[info] have a build process for your assets, use your build's output directory.
[info] 
[debug] [2021-01-29T14:16:00.399Z] >>> [apiv2][query] GET https://www.gstatic.com/firebasejs/releases.json [none]
[debug] [2021-01-29T14:16:00.629Z] <<< [apiv2][status] GET https://www.gstatic.com/firebasejs/releases.json 200
[debug] [2021-01-29T14:16:00.629Z] <<< [apiv2][body] GET https://www.gstatic.com/firebasejs/releases.json {"current":{"version":"8.2.4","browserURL":"https://www.gstatic.com/firebasejs/8.2.4/firebase.js","packageURL":"https://www.gstatic.com/firebasejs/8.2.4/firebase.tgz"},"live":{"version":"8.2","browserURL":"https://www.gstatic.com/firebasejs/live/8.2/firebase.js","packageURL":"https://www.gstatic.com/firebasejs/live/8.2/firebase.tgz"},"components":{"analytics":"https://www.gstatic.com/firebasejs/8.2.4/firebase-analytics.js","app":"https://www.gstatic.com/firebasejs/8.2.4/firebase-app.js","auth":"https://www.gstatic.com/firebasejs/8.2.4/firebase-auth.js","database":"https://www.gstatic.com/firebasejs/8.2.4/firebase-database.js","firestore":"https://www.gstatic.com/firebasejs/8.2.4/firebase-firestore.js","functions":"https://www.gstatic.com/firebasejs/8.2.4/firebase-functions.js","installations":"https://www.gstatic.com/firebasejs/8.2.4/firebase-installations.js","messaging":"https://www.gstatic.com/firebasejs/8.2.4/firebase-messaging.js","storage":"https://www.gstatic.com/firebasejs/8.2.4/firebase-storage.js","performance":"https://www.gstatic.com/firebasejs/8.2.4/firebase-performance.js","remote-config":"https://www.gstatic.com/firebasejs/8.2.4/firebase-remote-config.js","firestore.memory":"https://www.gstatic.com/firebasejs/8.2.4/firebase-firestore.memory.js"}}
[info] +  Wrote public/index.html 
[info] 
[info] i  Detected a .git folder at C:\Users\Mahmut Aslan\Desktop\calculator 
[info] i  Authorizing with GitHub to upload your service account to a GitHub repository's secrets store. 
[info] 
[info] Visit this URL on this device to log in:
[info] https://github.com/login/oauth/authorize?client_id=89cf50f02ac6aaed3484&state=426582456&redirect_uri=http%3A%2F%2Flocalhost%3A9005&scope=read%3Auser%20repo%20public_repo
[info] 
[info] Waiting for authentication...
[debug] [2021-01-29T14:16:08.126Z] >>> HTTP REQUEST POST https://github.com/login/oauth/access_token  
 {"client_id":"89cf50f02ac6aaed3484","client_secret":"3330d14abc895d9a74d5f17cd7a00711fa2c5bf0","code":"b92a4b672255b9f98041","redirect_uri":"http://localhost:9005","state":"426582456"}
[debug] [2021-01-29T14:16:08.656Z] <<< HTTP RESPONSE 200 {"date":"Fri, 29 Jan 2021 14:16:08 GMT","content-type":"application/json; charset=utf-8","transfer-encoding":"chunked","server":"GitHub.com","status":"200 OK","vary":"X-PJAX, Accept-Encoding, Accept, X-Requested-With, Accept-Encoding","etag":"W/\"da37bd9e099262a172c65aafb002fe20\"","cache-control":"max-age=0, private, must-revalidate","strict-transport-security":"max-age=31536000; includeSubdomains; preload","x-frame-options":"deny","x-content-type-options":"nosniff","x-xss-protection":"1; mode=block","referrer-policy":"origin-when-cross-origin, strict-origin-when-cross-origin","expect-ct":"max-age=2592000, report-uri=\"https://api.github.com/_private/browser/errors\"","content-security-policy":"default-src 'none'; base-uri 'self'; block-all-mixed-content; connect-src 'self' uploads.github.com www.githubstatus.com collector.githubapp.com api.github.com github-cloud.s3.amazonaws.com github-production-repository-file-5c1aeb.s3.amazonaws.com github-production-upload-manifest-file-7fdce7.s3.amazonaws.com github-production-user-asset-6210df.s3.amazonaws.com cdn.optimizely.com logx.optimizely.com/v1/events wss://alive.github.com; font-src github.githubassets.com; form-action 'self' github.com gist.github.com; frame-ancestors 'none'; frame-src render.githubusercontent.com; img-src 'self' data: github.githubassets.com identicons.github.com collector.githubapp.com github-cloud.s3.amazonaws.com *.githubusercontent.com; manifest-src 'self'; media-src 'none'; script-src github.githubassets.com; style-src 'unsafe-inline' github.githubassets.com; worker-src github.com/socket-worker-5029ae85.js gist.github.com/socket-worker-5029ae85.js","x-github-request-id":"2ADA:F3F7:41DFD1:4F734A:601418A8"}
[debug] [2021-01-29T14:16:08.657Z] >>> [apiv2][query] GET https://api.github.com/user [none]
[debug] [2021-01-29T14:16:09.107Z] <<< [apiv2][status] GET https://api.github.com/user 200
[debug] [2021-01-29T14:16:09.107Z] <<< [apiv2][body] GET https://api.github.com/user {"login":"maslan35","id":33003383,"node_id":"MDQ6VXNlcjMzMDAzMzgz","avatar_url":"https://avatars.githubusercontent.com/u/33003383?v=4","gravatar_id":"","url":"https://api.github.com/users/maslan35","html_url":"https://github.com/maslan35","followers_url":"https://api.github.com/users/maslan35/followers","following_url":"https://api.github.com/users/maslan35/following{/other_user}","gists_url":"https://api.github.com/users/maslan35/gists{/gist_id}","starred_url":"https://api.github.com/users/maslan35/starred{/owner}{/repo}","subscriptions_url":"https://api.github.com/users/maslan35/subscriptions","organizations_url":"https://api.github.com/users/maslan35/orgs","repos_url":"https://api.github.com/users/maslan35/repos","events_url":"https://api.github.com/users/maslan35/events{/privacy}","received_events_url":"https://api.github.com/users/maslan35/received_events","type":"User","site_admin":false,"name":null,"company":"Ege University","blog":"","location":"İstanbul","email":null,"hireable":null,"bio":"Computer Engineering Student","twitter_username":null,"public_repos":2,"public_gists":0,"followers":1,"following":3,"created_at":"2017-10-22T14:57:36Z","updated_at":"2021-01-29T14:16:07Z","private_gists":0,"total_private_repos":0,"owned_private_repos":0,"disk_usage":7,"collaborators":0,"two_factor_authentication":false,"plan":{"name":"pro","space":976562499,"collaborators":0,"private_repos":9999}}
[info] 
[info] +  Success! Logged into GitHub as maslan35 
[info] 
